Info 2021-11-16 21:25:48: Experimentation service retrieved: [object Object]
User belongs to experiment group 'jupyterTestcf'
User belongs to experiment group 'jupyterEnhancedDataViewer'
Info 2021-11-16 21:25:48: ZMQ install verified.
Info 2021-11-16 21:25:49: Experiment status for python is {"enabled":true,"optInto":[],"optOutFrom":[]}
Info 2021-11-16 21:25:49: Process Execution: > /bin/python3 -m pip list
> /bin/python3 -m pip list
Info 2021-11-16 21:25:49: Process Execution: > /bin/python3 -m pip list
> /bin/python3 -m pip list
Info 2021-11-16 21:25:49: Process Execution: > /bin/python3 -c "import jupyter"
> /bin/python3 -c "import jupyter"
Info 2021-11-16 21:25:49: Process Execution: > /bin/python3 -c "import jupyter"
> /bin/python3 -c "import jupyter"
Info 2021-11-16 21:25:49: Process Execution: > /bin/python3 -c "import pip"
> /bin/python3 -c "import pip"
Info 2021-11-16 21:25:49: Process Execution: > /bin/python3 -c "import pip"
> /bin/python3 -c "import pip"
Info 2021-11-16 21:25:49: Process Execution: > /bin/python3 -c "import notebook"
> /bin/python3 -c "import notebook"
Info 2021-11-16 21:25:49: Process Execution: > /bin/python3 -c "import notebook"
> /bin/python3 -c "import notebook"
Info 2021-11-16 21:46:29: Shutting down notebooks for 9ef9544b-bdc5-43a3-899c-42011ccff88c
Info 2021-11-16 21:46:29: Disposing HostJupyterExecution 273a6435-b210-4854-bfe5-4c67f094fdfc
Info 2021-11-16 21:46:29: Disposing super HostJupyterExecution 273a6435-b210-4854-bfe5-4c67f094fdfc
Info 2021-11-16 21:46:29: Disposing HostJupyterExecution 273a6435-b210-4854-bfe5-4c67f094fdfc
Info 2021-11-16 21:46:29: Finished disposing HostJupyterExecution  273a6435-b210-4854-bfe5-4c67f094fdfc
Info 2021-11-16 21:46:29: Cleaning up server cache 273a6435-b210-4854-bfe5-4c67f094fdfc
Info 2021-11-16 21:46:29: Finished disposing HostJupyterExecution  273a6435-b210-4854-bfe5-4c67f094fdfc
