Info 2021-11-16 21:48:04: Experimentation service retrieved: [object Object]
User belongs to experiment group 'jupyterTestcf'
User belongs to experiment group 'jupyterEnhancedDataViewer'
Info 2021-11-16 21:48:04: ZMQ install verified.
Info 2021-11-16 21:48:04: Experiment status for python is {"enabled":true,"optInto":[],"optOutFrom":[]}
Info 2021-11-16 21:48:04: Process Execution: > /bin/python3 -m pip list
> /bin/python3 -m pip list
Info 2021-11-16 21:48:04: Process Execution: > /bin/python3 -m pip list
> /bin/python3 -m pip list
Info 2021-11-16 21:48:04: Process Execution: > /bin/python3 -c "import jupyter"
> /bin/python3 -c "import jupyter"
Info 2021-11-16 21:48:04: Process Execution: > /bin/python3 -c "import jupyter"
> /bin/python3 -c "import jupyter"
Info 2021-11-16 21:48:04: Process Execution: > /bin/python3 -c "import pip"
> /bin/python3 -c "import pip"
Info 2021-11-16 21:48:04: Process Execution: > /bin/python3 -c "import pip"
> /bin/python3 -c "import pip"
Info 2021-11-16 21:48:04: Process Execution: > /bin/python3 -c "import notebook"
> /bin/python3 -c "import notebook"
Info 2021-11-16 21:48:04: Process Execution: > /bin/python3 -c "import notebook"
> /bin/python3 -c "import notebook"
