[Info  - 9:25:50 PM] Pylance language server 2021.11.1 (pyright 446a9bdb) starting
[Info  - 9:25:50 PM] Server root directory: /home/ssajmon/.vscode-server/extensions/ms-python.vscode-pylance-2021.11.1/dist
[Info  - 9:25:50 PM] No configuration file found.
[Info  - 9:25:50 PM] No pyproject.toml file found.
[Info  - 9:25:50 PM] Setting pythonPath for service "ssajmon": "/bin/python3"
[Warn  - 9:25:50 PM] stubPath /home/ssajmon/typings is not a valid directory.
[Info  - 9:25:50 PM] Assuming Python version 3.8
[Info  - 9:25:50 PM] Assuming Python platform Linux
[Warn  - 9:25:50 PM] Exception received when installing file system watcher: TypeError [ERR_FEATURE_UNAVAILABLE_ON_PLATFORM]: The feature watch recursively is unavailable on the current platform, which is being used to run Node.js
[Warn  - 9:25:50 PM] Exception received when installing file system watcher: TypeError [ERR_FEATURE_UNAVAILABLE_ON_PLATFORM]: The feature watch recursively is unavailable on the current platform, which is being used to run Node.js
[Warn  - 9:25:50 PM] Exception received when installing file system watcher: TypeError [ERR_FEATURE_UNAVAILABLE_ON_PLATFORM]: The feature watch recursively is unavailable on the current platform, which is being used to run Node.js
[Warn  - 9:25:50 PM] Exception received when installing file system watcher: TypeError [ERR_FEATURE_UNAVAILABLE_ON_PLATFORM]: The feature watch recursively is unavailable on the current platform, which is being used to run Node.js
[Info  - 9:25:50 PM] Searching for source files
[Info  - 9:25:50 PM] Found 5283 source files
[Info  - 9:25:50 PM] Background analysis(1) root directory: /home/ssajmon/.vscode-server/extensions/ms-python.vscode-pylance-2021.11.1/dist
[Info  - 9:25:50 PM] Background analysis(1) started
[Info  - 9:31:01 PM] Searching for source files
[Info  - 9:31:01 PM] Found 5449 source files
[Info  - 9:45:54 PM] Searching for source files
[Info  - 9:45:54 PM] Found 5449 source files
[Info  - 9:46:19 PM] Searching for source files
[Info  - 9:46:19 PM] Found 5449 source files
[Info  - 9:46:27 PM] Searching for source files
[Info  - 9:46:27 PM] Found 5449 source files
