[Info  - 9:48:54 PM] Pylance language server 2021.11.0 (pyright fb86eac6) starting
[Info  - 9:48:54 PM] Server root directory: /home/ssajmon/.vscode-server/extensions/ms-python.vscode-pylance-2021.11.0/dist
[Info  - 9:48:54 PM] No configuration file found.
[Info  - 9:48:54 PM] No pyproject.toml file found.
[Info  - 9:48:54 PM] Setting pythonPath for service "folder1": "/bin/python3"
[Warn  - 9:48:54 PM] stubPath /home/ssajmon/folder1/typings is not a valid directory.
[Info  - 9:48:54 PM] Assuming Python version 3.8
[Info  - 9:48:54 PM] Assuming Python platform Linux
[Warn  - 9:48:55 PM] Exception received when installing file system watcher: TypeError [ERR_FEATURE_UNAVAILABLE_ON_PLATFORM]: The feature watch recursively is unavailable on the current platform, which is being used to run Node.js
[Warn  - 9:48:55 PM] Exception received when installing file system watcher: TypeError [ERR_FEATURE_UNAVAILABLE_ON_PLATFORM]: The feature watch recursively is unavailable on the current platform, which is being used to run Node.js
[Warn  - 9:48:55 PM] Exception received when installing file system watcher: TypeError [ERR_FEATURE_UNAVAILABLE_ON_PLATFORM]: The feature watch recursively is unavailable on the current platform, which is being used to run Node.js
[Warn  - 9:48:55 PM] Exception received when installing file system watcher: TypeError [ERR_FEATURE_UNAVAILABLE_ON_PLATFORM]: The feature watch recursively is unavailable on the current platform, which is being used to run Node.js
[Info  - 9:48:55 PM] Searching for source files
[Info  - 9:48:55 PM] Found 2 source files
[Info  - 9:48:55 PM] Background analysis(1) root directory: /home/ssajmon/.vscode-server/extensions/ms-python.vscode-pylance-2021.11.0/dist
[Info  - 9:48:55 PM] Background analysis(1) started
[Info  - 9:52:20 PM] No configuration file found.
[Info  - 9:52:20 PM] No pyproject.toml file found.
[Info  - 9:52:20 PM] Setting pythonPath for service "folder1": "/bin/python3"
[Warn  - 9:52:20 PM] stubPath /home/ssajmon/folder1/typings is not a valid directory.
[Info  - 9:52:20 PM] Assuming Python version 3.8
[Info  - 9:52:20 PM] Assuming Python platform Linux
[Warn  - 9:52:20 PM] Exception received when installing file system watcher: TypeError [ERR_FEATURE_UNAVAILABLE_ON_PLATFORM]: The feature watch recursively is unavailable on the current platform, which is being used to run Node.js
[Warn  - 9:52:20 PM] Exception received when installing file system watcher: TypeError [ERR_FEATURE_UNAVAILABLE_ON_PLATFORM]: The feature watch recursively is unavailable on the current platform, which is being used to run Node.js
[Warn  - 9:52:20 PM] Exception received when installing file system watcher: TypeError [ERR_FEATURE_UNAVAILABLE_ON_PLATFORM]: The feature watch recursively is unavailable on the current platform, which is being used to run Node.js
[Warn  - 9:52:20 PM] Exception received when installing file system watcher: TypeError [ERR_FEATURE_UNAVAILABLE_ON_PLATFORM]: The feature watch recursively is unavailable on the current platform, which is being used to run Node.js
[Info  - 9:52:20 PM] Searching for source files
[Info  - 9:52:20 PM] Found 2 source files
[Info  - 9:52:20 PM] No configuration file found.
[Info  - 9:52:20 PM] No pyproject.toml file found.
[Info  - 9:52:20 PM] Setting pythonPath for service "folder1": "/bin/python3"
[Warn  - 9:52:20 PM] stubPath /home/ssajmon/folder1/typings is not a valid directory.
[Info  - 9:52:20 PM] Assuming Python version 3.8
[Info  - 9:52:20 PM] Assuming Python platform Linux
[Warn  - 9:52:20 PM] Exception received when installing file system watcher: TypeError [ERR_FEATURE_UNAVAILABLE_ON_PLATFORM]: The feature watch recursively is unavailable on the current platform, which is being used to run Node.js
[Warn  - 9:52:20 PM] Exception received when installing file system watcher: TypeError [ERR_FEATURE_UNAVAILABLE_ON_PLATFORM]: The feature watch recursively is unavailable on the current platform, which is being used to run Node.js
[Warn  - 9:52:20 PM] Exception received when installing file system watcher: TypeError [ERR_FEATURE_UNAVAILABLE_ON_PLATFORM]: The feature watch recursively is unavailable on the current platform, which is being used to run Node.js
[Warn  - 9:52:20 PM] Exception received when installing file system watcher: TypeError [ERR_FEATURE_UNAVAILABLE_ON_PLATFORM]: The feature watch recursively is unavailable on the current platform, which is being used to run Node.js
[Info  - 9:52:20 PM] Searching for source files
[Info  - 9:52:20 PM] Found 2 source files
[Info  - 9:52:21 PM] No configuration file found.
[Info  - 9:52:21 PM] No pyproject.toml file found.
[Info  - 9:52:21 PM] Setting pythonPath for service "folder1": "/bin/python3"
[Warn  - 9:52:21 PM] stubPath /home/ssajmon/folder1/typings is not a valid directory.
[Info  - 9:52:21 PM] Assuming Python version 3.8
[Info  - 9:52:21 PM] Assuming Python platform Linux
[Warn  - 9:52:21 PM] Exception received when installing file system watcher: TypeError [ERR_FEATURE_UNAVAILABLE_ON_PLATFORM]: The feature watch recursively is unavailable on the current platform, which is being used to run Node.js
[Warn  - 9:52:21 PM] Exception received when installing file system watcher: TypeError [ERR_FEATURE_UNAVAILABLE_ON_PLATFORM]: The feature watch recursively is unavailable on the current platform, which is being used to run Node.js
[Warn  - 9:52:21 PM] Exception received when installing file system watcher: TypeError [ERR_FEATURE_UNAVAILABLE_ON_PLATFORM]: The feature watch recursively is unavailable on the current platform, which is being used to run Node.js
[Warn  - 9:52:21 PM] Exception received when installing file system watcher: TypeError [ERR_FEATURE_UNAVAILABLE_ON_PLATFORM]: The feature watch recursively is unavailable on the current platform, which is being used to run Node.js
[Info  - 9:52:21 PM] Searching for source files
[Info  - 9:52:21 PM] Found 2 source files
