[2021-11-16 21:25:40.974] [exthost] [info] Extension host with pid 133 started
[2021-11-16 21:25:40.983] [exthost] [info] Lock '/home/ssajmon/.vscode-server/data/User/workspaceStorage/4e3558ad559f69381327f5c1efdb29f8/vscode.lock': Lock acquired.
[2021-11-16 21:25:41.145] [exthost] [info] ExtensionService#_doActivateExtension vscode.debug-auto-launch, startup: true, activationEvent: '*'
[2021-11-16 21:25:41.151] [exthost] [info] ExtensionService#_doActivateExtension vscode.git, startup: true, activationEvent: '*', root cause: vscode.github
[2021-11-16 21:25:41.329] [exthost] [info] ExtensionService#_doActivateExtension vscode.github, startup: true, activationEvent: '*'
[2021-11-16 21:25:41.394] [exthost] [info] ExtensionService#_doActivateExtension vscode.merge-conflict, startup: false, activationEvent: 'onStartupFinished'
[2021-11-16 21:25:41.401] [exthost] [info] Eager extensions activated
[2021-11-16 21:25:48.268] [exthost] [info] ExtensionService#_doActivateExtension ms-python.python, startup: false, activationEvent: 'onLanguage:python', root cause: ms-python.vscode-pylance
[2021-11-16 21:25:48.571] [exthost] [info] ExtensionService#_doActivateExtension ms-toolsai.jupyter, startup: false, activationEvent: 'onLanguage:python'
[2021-11-16 21:25:49.034] [exthost] [info] ExtensionService#_doActivateExtension ms-toolsai.jupyter-renderers, startup: false, activationEvent: 'api', root cause: ms-toolsai.jupyter
[2021-11-16 21:25:49.208] [exthost] [info] ExtensionService#_doActivateExtension ms-python.vscode-pylance, startup: false, activationEvent: 'onLanguage:python'
[2021-11-16 21:25:51.106] [exthost] [error] [ms-python.python] provider FAILED
[2021-11-16 21:25:51.106] [exthost] [error] Canceled: Canceled
	at S.makeCancelError (/home/ssajmon/.vscode-server/extensions/ms-python.python-2021.11.1422169775/out/client/extension.js:9:151015)
	at S.handleFailedRequest (/home/ssajmon/.vscode-server/extensions/ms-python.python-2021.11.1422169775/out/client/extension.js:9:150866)
	at /home/ssajmon/.vscode-server/extensions/ms-python.python-2021.11.1422169775/out/client/extension.js:9:115854
	at async s.provideDocumentSymbols (/home/ssajmon/.vscode-server/bin/3a6960b964327f0e3882ce18fcebd07ed191b316/out/vs/server/remoteExtensionHostProcess.js:94:167312)
[2021-11-16 21:25:51.108] [exthost] [error] [ms-python.python] provider FAILED
[2021-11-16 21:25:51.108] [exthost] [error] Canceled: Canceled
	at S.makeCancelError (/home/ssajmon/.vscode-server/extensions/ms-python.python-2021.11.1422169775/out/client/extension.js:9:151015)
	at S.handleFailedRequest (/home/ssajmon/.vscode-server/extensions/ms-python.python-2021.11.1422169775/out/client/extension.js:9:150866)
	at /home/ssajmon/.vscode-server/extensions/ms-python.python-2021.11.1422169775/out/client/extension.js:9:118727
	at async T.provideCodeActions (/home/ssajmon/.vscode-server/bin/3a6960b964327f0e3882ce18fcebd07ed191b316/out/vs/server/remoteExtensionHostProcess.js:94:172824)
[2021-11-16 21:25:51.120] [exthost] [error] [ms-python.python] provider FAILED
[2021-11-16 21:25:51.120] [exthost] [error] TypeError: Cannot read property 'length' of undefined
	at /home/ssajmon/.vscode-server/extensions/ms-python.python-2021.11.1422169775/out/client/extension.js:52:353150
	at h (/home/ssajmon/.vscode-server/extensions/ms-python.python-2021.11.1422169775/out/client/extension.js:52:358146)
	at async x.provideCompletionItems (/home/ssajmon/.vscode-server/bin/3a6960b964327f0e3882ce18fcebd07ed191b316/out/vs/server/remoteExtensionHostProcess.js:94:181124)
[2021-11-16 21:25:51.350] [exthost] [error] [ms-python.python] provider FAILED
[2021-11-16 21:25:51.350] [exthost] [error] Canceled: Canceled
	at S.makeCancelError (/home/ssajmon/.vscode-server/extensions/ms-python.python-2021.11.1422169775/out/client/extension.js:9:151015)
	at S.handleFailedRequest (/home/ssajmon/.vscode-server/extensions/ms-python.python-2021.11.1422169775/out/client/extension.js:9:150866)
	at /home/ssajmon/.vscode-server/extensions/ms-python.python-2021.11.1422169775/out/client/extension.js:52:335369
	at async U.provideDocumentRangeSemanticTokens (/home/ssajmon/.vscode-server/bin/3a6960b964327f0e3882ce18fcebd07ed191b316/out/vs/server/remoteExtensionHostProcess.js:94:180425)
[2021-11-16 21:25:51.357] [exthost] [error] [ms-python.python] provider FAILED
[2021-11-16 21:25:51.357] [exthost] [error] Canceled: Canceled
	at S.makeCancelError (/home/ssajmon/.vscode-server/extensions/ms-python.python-2021.11.1422169775/out/client/extension.js:9:151015)
	at S.handleFailedRequest (/home/ssajmon/.vscode-server/extensions/ms-python.python-2021.11.1422169775/out/client/extension.js:9:150866)
	at /home/ssajmon/.vscode-server/extensions/ms-python.python-2021.11.1422169775/out/client/extension.js:52:335369
	at async U.provideDocumentRangeSemanticTokens (/home/ssajmon/.vscode-server/bin/3a6960b964327f0e3882ce18fcebd07ed191b316/out/vs/server/remoteExtensionHostProcess.js:94:180425)
[2021-11-16 21:25:51.365] [exthost] [error] [ms-python.python] provider FAILED
[2021-11-16 21:25:51.365] [exthost] [error] Canceled: Canceled
	at S.makeCancelError (/home/ssajmon/.vscode-server/extensions/ms-python.python-2021.11.1422169775/out/client/extension.js:9:151015)
	at S.handleFailedRequest (/home/ssajmon/.vscode-server/extensions/ms-python.python-2021.11.1422169775/out/client/extension.js:9:150866)
	at /home/ssajmon/.vscode-server/extensions/ms-python.python-2021.11.1422169775/out/client/extension.js:9:118727
	at async T.provideCodeActions (/home/ssajmon/.vscode-server/bin/3a6960b964327f0e3882ce18fcebd07ed191b316/out/vs/server/remoteExtensionHostProcess.js:94:172824)
[2021-11-16 21:26:25.285] [exthost] [warning] [Decorations] CAPPING events from decorations provider vscode.git 7415
[2021-11-16 21:26:37.502] [exthost] [warning] [Decorations] CAPPING events from decorations provider vscode.git 7415
[2021-11-16 21:26:46.577] [exthost] [warning] [Decorations] CAPPING events from decorations provider vscode.git 7415
[2021-11-16 21:26:51.708] [exthost] [warning] [Decorations] CAPPING events from decorations provider vscode.git 7415
[2021-11-16 21:27:02.125] [exthost] [warning] [Decorations] CAPPING events from decorations provider vscode.git 7415
[2021-11-16 21:27:07.266] [exthost] [warning] [Decorations] CAPPING events from decorations provider vscode.git 7415
[2021-11-16 21:27:12.433] [exthost] [warning] [Decorations] CAPPING events from decorations provider vscode.git 7415
[2021-11-16 21:27:19.339] [exthost] [warning] [Decorations] CAPPING events from decorations provider vscode.git 7415
[2021-11-16 21:27:27.573] [exthost] [warning] [Decorations] CAPPING events from decorations provider vscode.git 7415
[2021-11-16 21:27:32.811] [exthost] [warning] [Decorations] CAPPING events from decorations provider vscode.git 7415
[2021-11-16 21:27:40.726] [exthost] [warning] [Decorations] CAPPING events from decorations provider vscode.git 7415
[2021-11-16 21:27:45.964] [exthost] [warning] [Decorations] CAPPING events from decorations provider vscode.git 7416
[2021-11-16 21:27:52.275] [exthost] [warning] [Decorations] CAPPING events from decorations provider vscode.git 7416
[2021-11-16 21:27:57.468] [exthost] [warning] [Decorations] CAPPING events from decorations provider vscode.git 7416
[2021-11-16 21:28:09.464] [exthost] [warning] [Decorations] CAPPING events from decorations provider vscode.git 7416
[2021-11-16 21:28:14.684] [exthost] [warning] [Decorations] CAPPING events from decorations provider vscode.git 7416
[2021-11-16 21:28:19.840] [exthost] [warning] [Decorations] CAPPING events from decorations provider vscode.git 7416
[2021-11-16 21:28:26.101] [exthost] [warning] [Decorations] CAPPING events from decorations provider vscode.git 7416
[2021-11-16 21:28:31.223] [exthost] [warning] [Decorations] CAPPING events from decorations provider vscode.git 7416
[2021-11-16 21:28:36.340] [exthost] [warning] [Decorations] CAPPING events from decorations provider vscode.git 7416
[2021-11-16 21:28:41.459] [exthost] [warning] [Decorations] CAPPING events from decorations provider vscode.git 7416
[2021-11-16 21:28:46.581] [exthost] [warning] [Decorations] CAPPING events from decorations provider vscode.git 7416
