[2021-11-04 15:42:21.282] [exthost] [info] extension host started
[2021-11-04 15:42:21.315] [exthost] [info] ExtensionService#_doActivateExtension vscode.debug-auto-launch, startup: true, activationEvent: '*'
[2021-11-04 15:42:21.315] [exthost] [info] ExtensionService#loadCommonJSModule file:///home/ssajmon/.vscode-server/bin/6cba118ac49a1b88332f312a8f67186f7f3c1643/extensions/debug-auto-launch/dist/extension
[2021-11-04 15:42:21.320] [exthost] [info] ExtensionService#_doActivateExtension vscode.git, startup: true, activationEvent: '*', root cause: vscode.github
[2021-11-04 15:42:21.320] [exthost] [info] ExtensionService#loadCommonJSModule file:///home/ssajmon/.vscode-server/bin/6cba118ac49a1b88332f312a8f67186f7f3c1643/extensions/git/dist/main
[2021-11-04 15:42:21.402] [exthost] [info] Lock '/home/ssajmon/.vscode-server/data/User/workspaceStorage/6f0e32ad61e1f7d243cf20e9abc40e47/vscode.lock': Lock acquired.
[2021-11-04 15:42:22.109] [exthost] [info] ExtensionService#_doActivateExtension vscode.github, startup: true, activationEvent: '*'
[2021-11-04 15:42:22.109] [exthost] [info] ExtensionService#loadCommonJSModule file:///home/ssajmon/.vscode-server/bin/6cba118ac49a1b88332f312a8f67186f7f3c1643/extensions/github/dist/extension.js
[2021-11-04 15:42:22.170] [exthost] [info] ExtensionService#_doActivateExtension vscode.emmet, startup: false, activationEvent: 'onStartupFinished'
[2021-11-04 15:42:22.170] [exthost] [info] ExtensionService#loadCommonJSModule file:///home/ssajmon/.vscode-server/bin/6cba118ac49a1b88332f312a8f67186f7f3c1643/extensions/emmet/dist/node/emmetNodeMain
[2021-11-04 15:42:22.193] [exthost] [info] ExtensionService#_doActivateExtension vscode.merge-conflict, startup: false, activationEvent: 'onStartupFinished'
[2021-11-04 15:42:22.194] [exthost] [info] ExtensionService#loadCommonJSModule file:///home/ssajmon/.vscode-server/bin/6cba118ac49a1b88332f312a8f67186f7f3c1643/extensions/merge-conflict/dist/mergeConflictMain
[2021-11-04 15:42:22.200] [exthost] [info] eager extensions activated
[2021-11-04 15:42:22.201] [exthost] [info] ExtensionService#_doActivateExtension ms-vscode.js-debug, startup: false, activationEvent: 'onCommand:extension.js-debug.clearAutoAttachVariables'
[2021-11-04 15:42:22.201] [exthost] [info] ExtensionService#loadCommonJSModule file:///home/ssajmon/.vscode-server/bin/6cba118ac49a1b88332f312a8f67186f7f3c1643/extensions/ms-vscode.js-debug/src/extension.js
[2021-11-04 15:42:25.602] [exthost] [info] ExtensionService#_doActivateExtension ms-python.python, startup: false, activationEvent: 'onLanguage:python', root cause: ms-python.vscode-pylance
[2021-11-04 15:42:25.602] [exthost] [info] ExtensionService#loadCommonJSModule file:///home/ssajmon/.vscode-server/extensions/ms-python.python-2021.10.1365161279/out/client/extension
[2021-11-04 15:42:25.945] [exthost] [info] ExtensionService#_doActivateExtension ms-toolsai.jupyter, startup: false, activationEvent: 'onLanguage:python'
[2021-11-04 15:42:25.945] [exthost] [info] ExtensionService#loadCommonJSModule file:///home/ssajmon/.vscode-server/extensions/ms-toolsai.jupyter-2021.9.1101343141/out/client/extension
[2021-11-04 15:42:26.355] [exthost] [info] ExtensionService#_doActivateExtension ms-toolsai.jupyter-renderers, startup: false, activationEvent: 'api', root cause: ms-toolsai.jupyter
[2021-11-04 15:42:26.355] [exthost] [info] ExtensionService#loadCommonJSModule file:///home/ssajmon/.vscode-server/extensions/ms-toolsai.jupyter-renderers-1.0.3/out/extension_renderer/index.js
[2021-11-04 15:42:26.598] [exthost] [info] ExtensionService#_doActivateExtension ms-python.vscode-pylance, startup: false, activationEvent: 'onLanguage:python'
[2021-11-04 15:42:26.598] [exthost] [info] ExtensionService#loadCommonJSModule file:///home/ssajmon/.vscode-server/extensions/ms-python.vscode-pylance-2021.11.0/dist/extension.bundle.js
[2021-11-04 15:43:57.894] [exthost] [info] ExtensionService#_doActivateExtension vscode.configuration-editing, startup: false, activationEvent: 'onLanguage:jsonc'
[2021-11-04 15:43:57.894] [exthost] [info] ExtensionService#loadCommonJSModule file:///home/ssajmon/.vscode-server/bin/6cba118ac49a1b88332f312a8f67186f7f3c1643/extensions/configuration-editing/dist/configurationEditingMain
[2021-11-04 15:43:57.901] [exthost] [info] ExtensionService#_doActivateExtension vscode.json-language-features, startup: false, activationEvent: 'onLanguage:jsonc'
[2021-11-04 15:43:57.901] [exthost] [info] ExtensionService#loadCommonJSModule file:///home/ssajmon/.vscode-server/bin/6cba118ac49a1b88332f312a8f67186f7f3c1643/extensions/json-language-features/client/dist/node/jsonClientMain
[2021-11-04 15:43:57.960] [exthost] [info] ExtensionService#_doActivateExtension vscode.typescript-language-features, startup: false, activationEvent: 'onLanguage:jsonc'
[2021-11-04 15:43:57.960] [exthost] [info] ExtensionService#loadCommonJSModule file:///home/ssajmon/.vscode-server/bin/6cba118ac49a1b88332f312a8f67186f7f3c1643/extensions/typescript-language-features/dist/extension
[2021-11-04 15:43:58.270] [exthost] [error] [ms-python.python] provider FAILED
[2021-11-04 15:43:58.270] [exthost] [error] Canceled: Canceled
	at _.makeCancelError (/home/ssajmon/.vscode-server/extensions/ms-python.python-2021.10.1365161279/out/client/extension.js:9:153526)
	at _.handleFailedRequest (/home/ssajmon/.vscode-server/extensions/ms-python.python-2021.10.1365161279/out/client/extension.js:9:153377)
	at /home/ssajmon/.vscode-server/extensions/ms-python.python-2021.10.1365161279/out/client/extension.js:9:118365
	at async l.provideDocumentSymbols (/home/ssajmon/.vscode-server/bin/6cba118ac49a1b88332f312a8f67186f7f3c1643/out/vs/server/remoteExtensionHostProcess.js:94:166891)
[2021-11-04 16:07:31.520] [exthost] [error] [ms-python.python] provider FAILED
[2021-11-04 16:07:31.520] [exthost] [error] Canceled: Canceled
	at _.makeCancelError (/home/ssajmon/.vscode-server/extensions/ms-python.python-2021.10.1365161279/out/client/extension.js:9:153526)
	at _.handleFailedRequest (/home/ssajmon/.vscode-server/extensions/ms-python.python-2021.10.1365161279/out/client/extension.js:9:153377)
	at /home/ssajmon/.vscode-server/extensions/ms-python.python-2021.10.1365161279/out/client/extension.js:9:113719
	at async s.provideHover (/home/ssajmon/.vscode-server/bin/6cba118ac49a1b88332f312a8f67186f7f3c1643/out/vs/server/remoteExtensionHostProcess.js:94:170095)
[2021-11-04 16:12:12.655] [exthost] [warning] ms-python.python - Code actions of kind 'quickfix 'requested but returned code action is of kind 'refactor.extract'. Code action will be dropped. Please check 'CodeActionContext.only' to only return requested code actions.
[2021-11-04 16:12:12.656] [exthost] [warning] ms-python.python - Code actions of kind 'quickfix 'requested but returned code action is of kind 'refactor.extract'. Code action will be dropped. Please check 'CodeActionContext.only' to only return requested code actions.
[2021-11-04 16:13:10.335] [exthost] [error] [ms-python.python] provider FAILED
[2021-11-04 16:13:10.335] [exthost] [error] Canceled: Canceled
	at _.makeCancelError (/home/ssajmon/.vscode-server/extensions/ms-python.python-2021.10.1365161279/out/client/extension.js:9:153526)
	at _.handleFailedRequest (/home/ssajmon/.vscode-server/extensions/ms-python.python-2021.10.1365161279/out/client/extension.js:9:153377)
	at /home/ssajmon/.vscode-server/extensions/ms-python.python-2021.10.1365161279/out/client/extension.js:9:112927
	at async U.resolveCompletionItem (/home/ssajmon/.vscode-server/bin/6cba118ac49a1b88332f312a8f67186f7f3c1643/out/vs/server/remoteExtensionHostProcess.js:94:181423)
[2021-11-04 16:28:04.450] [exthost] [info] extension host terminating: received terminate message from renderer
[2021-11-04 16:28:04.451] [exthost] [info] Lock '/home/ssajmon/.vscode-server/data/User/workspaceStorage/6f0e32ad61e1f7d243cf20e9abc40e47/vscode.lock': Marking the lockfile as scheduled to be released in 6000 ms.
[2021-11-04 16:28:05.510] [exthost] [info] exiting with code 0
